---------------------------------------------------------------
[ 2017-10-26T10:55:25+08:00 ] 127.0.0.1 127.0.0.1 GET /public/
[ info ] web.bmt.com/public/ [运行时间：0.101000s][吞吐率：9.90req/s] [内存消耗：1,492.03kb] [文件加载：38]
[ info ] [ LANG ] D:\phpStudy\WWW\ASO\thinkphp\lang\zh-cn.php
[ info ] [ ROUTE ] array (
  'type' => 'module',
  'module' => 
  array (
    0 => '',
    1 => NULL,
    2 => NULL,
  ),
)
[ info ] [ HEADER ] array (
  'host' => 'web.bmt.com',
  'connection' => 'keep-alive',
  'upgrade-insecure-requests' => '1',
  'user-agent' => 'Mozilla/5.0 (Windows NT 6.1; WOW64) AppleWebKit/537.36 (KHTML, like Gecko) Chrome/62.0.3202.62 Safari/537.36',
  'accept' => 'text/html,application/xhtml+xml,application/xml;q=0.9,image/webp,image/apng,*/*;q=0.8',
  'referer' => 'http://web.bmt.com/',
  'accept-encoding' => 'gzip, deflate',
  'accept-language' => 'zh-CN,zh;q=0.9',
  'cookie' => 'pgv_pvi=7029130240; pgv_si=s7688812544',
)
[ info ] [ PARAM ] array (
)
[ info ] [ RUN ] app\index\controller\Access->index[ D:\phpStudy\WWW\ASO\application\index\controller\Access.php ]
[ info ] [ LOG ] INIT File
---------------------------------------------------------------
[ 2017-10-26T10:55:41+08:00 ] 127.0.0.1 127.0.0.1 GET /public/
[ info ] web.bmt.com/public/ [运行时间：0.047000s][吞吐率：21.28req/s] [内存消耗：1,492.10kb] [文件加载：38]
[ info ] [ LANG ] D:\phpStudy\WWW\ASO\thinkphp\lang\zh-cn.php
[ info ] [ ROUTE ] array (
  'type' => 'module',
  'module' => 
  array (
    0 => '',
    1 => NULL,
    2 => NULL,
  ),
)
[ info ] [ HEADER ] array (
  'host' => 'web.bmt.com',
  'connection' => 'keep-alive',
  'upgrade-insecure-requests' => '1',
  'user-agent' => 'Mozilla/5.0 (Windows NT 6.1; WOW64) AppleWebKit/537.36 (KHTML, like Gecko) Chrome/62.0.3202.62 Safari/537.36',
  'accept' => 'text/html,application/xhtml+xml,application/xml;q=0.9,image/webp,image/apng,*/*;q=0.8',
  'referer' => 'http://web.bmt.com/',
  'accept-encoding' => 'gzip, deflate',
  'accept-language' => 'zh-CN,zh;q=0.9',
  'cookie' => 'pgv_pvi=7029130240; pgv_si=s7688812544',
)
[ info ] [ PARAM ] array (
)
[ info ] [ RUN ] app\index\controller\Access->index[ D:\phpStudy\WWW\ASO\application\index\controller\Access.php ]
[ info ] [ LOG ] INIT File
---------------------------------------------------------------
[ 2017-10-26T11:37:00+08:00 ] 127.0.0.1 127.0.0.1 GET /
[ info ] web.bmt.com/ [运行时间：0.056000s][吞吐率：17.86req/s] [内存消耗：1,491.91kb] [文件加载：38]
[ info ] [ LANG ] D:\phpStudy\WWW\ASO\thinkphp\lang\zh-cn.php
[ info ] [ ROUTE ] array (
  'type' => 'module',
  'module' => 
  array (
    0 => '',
    1 => NULL,
    2 => NULL,
  ),
)
[ info ] [ HEADER ] array (
  'host' => 'web.bmt.com',
  'connection' => 'keep-alive',
  'cache-control' => 'max-age=0',
  'user-agent' => 'Mozilla/5.0 (Windows NT 6.1; WOW64) AppleWebKit/537.36 (KHTML, like Gecko) Chrome/62.0.3202.62 Safari/537.36',
  'upgrade-insecure-requests' => '1',
  'accept' => 'text/html,application/xhtml+xml,application/xml;q=0.9,image/webp,image/apng,*/*;q=0.8',
  'accept-encoding' => 'gzip, deflate',
  'accept-language' => 'zh-CN,zh;q=0.9',
  'cookie' => 'pgv_pvi=7029130240; pgv_si=s7688812544',
)
[ info ] [ PARAM ] array (
)
[ info ] [ RUN ] app\index\controller\Access->index[ D:\phpStudy\WWW\ASO\application\index\controller\Access.php ]
[ info ] [ LOG ] INIT File
